2023-01-17 21:26:09,458 - __main__ - INFO - samim signed up
2023-01-19 08:34:39,037 - __main__ - INFO - sepehr signed up
2023-01-19 08:34:48,755 - __main__ - INFO - sepehr logged in
2023-01-19 08:42:31,985 - SignupLogin - INFO - setayesh signed up
2023-01-19 08:42:55,797 - SignupLogin - INFO - setayesh logged in
2023-01-19 08:45:24,630 - SignupLogin - INFO - setayesh logged in
2023-01-19 08:52:41,980 - __main__ - INFO - setayesh logged in
2023-01-19 08:54:36,202 - __main__ - INFO - setayesh logged in
2023-01-19 08:55:31,187 - __main__ - INFO - setayesh logged in
2023-01-19 08:57:51,820 - __main__ - INFO - setayesh logged in
2023-01-19 09:03:04,159 - __main__ - INFO - setayesh logged in
2023-01-19 09:05:45,266 - __main__ - INFO - samiar signed up
2023-01-19 09:05:53,106 - __main__ - INFO - samiar logged in
2023-01-19 09:46:41,101 - SignupLogin - INFO - alireza signed up
2023-01-19 09:46:46,977 - SignupLogin - INFO - alireza logged in
2023-01-19 09:47:23,504 - SignupLogin - INFO - alireza logged in
2023-01-19 09:50:19,447 - SignupLogin - INFO - alireza logged in
2023-01-19 09:52:23,314 - SignupLogin - INFO - alireza logged in
2023-01-19 09:52:54,220 - SignupLogin - INFO - alireza logged in
2023-01-19 09:54:37,719 - SignupLogin - INFO - alireza logged in
2023-01-19 10:05:27,643 - SignupLogin - INFO - samimm signed up
2023-01-19 10:05:35,163 - SignupLogin - INFO - samimm logged in
2023-01-19 10:05:41,891 - SignupLogin - INFO - samimm logged in
2023-01-19 10:06:15,287 - SignupLogin - INFO - samimm logged in
2023-01-19 10:06:21,586 - SignupLogin - INFO - samimm logged in
2023-01-19 10:08:29,369 - SignupLogin - INFO - samimm logged in
2023-01-19 10:10:41,366 - SignupLogin - INFO - samimm logged in
2023-01-19 10:11:46,180 - SignupLogin - INFO - samimm logged in
2023-01-19 10:14:06,350 - SignupLogin - INFO - samimm logged in
2023-01-19 10:17:12,825 - SignupLogin - INFO - samimm logged in
2023-01-19 10:20:23,854 - SignupLogin - INFO - samimm logged in
2023-01-19 10:20:54,780 - SignupLogin - INFO - samimm logged in
2023-01-19 10:24:52,280 - SignupLogin - INFO - samimm logged in
2023-01-19 10:24:56,725 - SignupLogin - INFO - samimm logged in
2023-01-19 10:25:55,982 - SignupLogin - INFO - samimm logged in
2023-01-19 10:29:25,561 - SignupLogin - INFO - nimayi signed up
2023-01-19 10:29:31,395 - SignupLogin - INFO - nimayi logged in
2023-01-19 11:01:21,492 - SignupLogin - INFO - nimayi logged in
2023-01-19 11:04:46,349 - SignupLogin - INFO - nimayi logged in
2023-01-19 11:08:00,744 - SignupLogin - INFO - nimayi logged in
2023-01-19 11:12:37,423 - SignupLogin - INFO - nimayi logged in
2023-01-19 11:17:47,574 - SignupLogin - INFO - nimayi logged in
2023-01-19 11:19:26,187 - SignupLogin - INFO - nimayi logged in
2023-01-19 11:20:12,197 - SignupLogin - INFO - nimayi logged in
2023-01-19 11:22:48,734 - SignupLogin - INFO - nimayi logged in
2023-01-19 11:28:48,599 - SignupLogin - INFO - nimayi logged in
2023-01-19 11:29:56,216 - SignupLogin - INFO - nimayi logged in
2023-01-19 11:39:36,135 - SignupLogin - INFO - nimayi logged in
2023-01-19 11:43:07,440 - SignupLogin - INFO - nimayi logged in
2023-01-19 11:44:43,918 - SignupLogin - INFO - nimayi logged in
2023-01-19 11:46:33,698 - SignupLogin - INFO - nimayi logged in
2023-01-19 12:02:28,303 - SignupLogin - INFO - nimayi logged in
2023-01-19 12:05:23,036 - SignupLogin - INFO - nimayi logged in
2023-01-19 12:48:49,794 - SignupLogin - INFO - nimayi logged in
2023-01-19 12:49:41,271 - SignupLogin - INFO - nimayi logged in
2023-01-19 12:51:21,148 - SignupLogin - INFO - nimayi logged in
2023-01-19 12:52:16,365 - SignupLogin - INFO - nimayi logged in
2023-01-19 22:27:38,810 - SignupLogin - INFO - ashkan signed up
2023-01-19 22:27:52,274 - SignupLogin - INFO - ashkan logged in
