2023-01-17 21:26:09,458 - __main__ - INFO - samim signed up
2023-01-19 08:34:39,037 - __main__ - INFO - sepehr signed up
2023-01-19 08:34:48,755 - __main__ - INFO - sepehr logged in
2023-01-19 08:42:31,985 - SignupLogin - INFO - setayesh signed up
2023-01-19 08:42:55,797 - SignupLogin - INFO - setayesh logged in
2023-01-19 08:45:24,630 - SignupLogin - INFO - setayesh logged in
2023-01-19 08:52:41,980 - __main__ - INFO - setayesh logged in
2023-01-19 08:54:36,202 - __main__ - INFO - setayesh logged in
2023-01-19 08:55:31,187 - __main__ - INFO - setayesh logged in
2023-01-19 08:57:51,820 - __main__ - INFO - setayesh logged in
2023-01-19 09:03:04,159 - __main__ - INFO - setayesh logged in
2023-01-19 09:05:45,266 - __main__ - INFO - samiar signed up
2023-01-19 09:05:53,106 - __main__ - INFO - samiar logged in
2023-01-19 09:46:41,101 - SignupLogin - INFO - alireza signed up
2023-01-19 09:46:46,977 - SignupLogin - INFO - alireza logged in
2023-01-19 09:47:23,504 - SignupLogin - INFO - alireza logged in
2023-01-19 09:50:19,447 - SignupLogin - INFO - alireza logged in
2023-01-19 09:52:23,314 - SignupLogin - INFO - alireza logged in
2023-01-19 09:52:54,220 - SignupLogin - INFO - alireza logged in
2023-01-19 09:54:37,719 - SignupLogin - INFO - alireza logged in
2023-01-19 10:05:27,643 - SignupLogin - INFO - samimm signed up
2023-01-19 10:05:35,163 - SignupLogin - INFO - samimm logged in
2023-01-19 10:05:41,891 - SignupLogin - INFO - samimm logged in
2023-01-19 10:06:15,287 - SignupLogin - INFO - samimm logged in
2023-01-19 10:06:21,586 - SignupLogin - INFO - samimm logged in
2023-01-19 10:08:29,369 - SignupLogin - INFO - samimm logged in
2023-01-19 10:10:41,366 - SignupLogin - INFO - samimm logged in
2023-01-19 10:11:46,180 - SignupLogin - INFO - samimm logged in
2023-01-19 10:14:06,350 - SignupLogin - INFO - samimm logged in
2023-01-19 10:17:12,825 - SignupLogin - INFO - samimm logged in
2023-01-19 10:20:23,854 - SignupLogin - INFO - samimm logged in
2023-01-19 10:20:54,780 - SignupLogin - INFO - samimm logged in
2023-01-19 10:24:52,280 - SignupLogin - INFO - samimm logged in
2023-01-19 10:24:56,725 - SignupLogin - INFO - samimm logged in
2023-01-19 10:25:55,982 - SignupLogin - INFO - samimm logged in
2023-01-19 10:29:25,561 - SignupLogin - INFO - nimayi signed up
2023-01-19 10:29:31,395 - SignupLogin - INFO - nimayi logged in
2023-01-19 11:01:21,492 - SignupLogin - INFO - nimayi logged in
2023-01-19 11:04:46,349 - SignupLogin - INFO - nimayi logged in
2023-01-19 11:08:00,744 - SignupLogin - INFO - nimayi logged in
2023-01-19 11:12:37,423 - SignupLogin - INFO - nimayi logged in
2023-01-19 11:17:47,574 - SignupLogin - INFO - nimayi logged in
2023-01-19 11:19:26,187 - SignupLogin - INFO - nimayi logged in
2023-01-19 11:20:12,197 - SignupLogin - INFO - nimayi logged in
2023-01-19 11:22:48,734 - SignupLogin - INFO - nimayi logged in
2023-01-19 11:28:48,599 - SignupLogin - INFO - nimayi logged in
2023-01-19 11:29:56,216 - SignupLogin - INFO - nimayi logged in
2023-01-19 11:39:36,135 - SignupLogin - INFO - nimayi logged in
2023-01-19 11:43:07,440 - SignupLogin - INFO - nimayi logged in
2023-01-19 11:44:43,918 - SignupLogin - INFO - nimayi logged in
2023-01-19 11:46:33,698 - SignupLogin - INFO - nimayi logged in
2023-01-19 12:02:28,303 - SignupLogin - INFO - nimayi logged in
2023-01-19 12:05:23,036 - SignupLogin - INFO - nimayi logged in
2023-01-19 12:48:49,794 - SignupLogin - INFO - nimayi logged in
2023-01-19 12:49:41,271 - SignupLogin - INFO - nimayi logged in
2023-01-19 12:51:21,148 - SignupLogin - INFO - nimayi logged in
2023-01-19 12:52:16,365 - SignupLogin - INFO - nimayi logged in
2023-01-19 22:27:38,810 - SignupLogin - INFO - ashkan signed up
2023-01-19 22:27:52,274 - SignupLogin - INFO - ashkan logged in
2023-01-24 14:16:57,621 - SignupLogin - INFO - nimayi logged in
2023-01-24 14:29:00,102 - SignupLogin - INFO - nimayi logged in
2023-01-24 14:29:10,524 - __main__ - INFO - player equipped old knife 
2023-01-24 14:29:41,077 - __main__ - INFO - player took 10.0 damage
2023-01-24 14:29:43,816 - __main__ - INFO - player took 1.4 damage
2023-01-24 14:29:44,978 - __main__ - INFO - player took 9.8 damage
2023-01-24 14:29:48,657 - __main__ - INFO - player restored 5 health
2023-01-24 14:29:52,483 - __main__ - INFO - player restored 5 health
2023-01-24 14:39:22,125 - SignupLogin - INFO - nimayi logged in
2023-01-24 14:40:25,058 - SignupLogin - INFO - nimayi logged in
2023-01-24 14:42:08,725 - __main__ - INFO - player took 2.0 damage
2023-01-24 14:42:22,459 - __main__ - INFO - player took 9.8 damage
2023-01-24 14:42:33,074 - __main__ - INFO - player took 9.0 damage
2023-01-24 14:42:36,676 - __main__ - INFO - player took 6.4 damage
2023-01-24 14:42:38,771 - __main__ - INFO - player took 10.0 damage
2023-01-24 14:43:05,207 - __main__ - INFO - player restored 14 health
2023-01-24 16:58:52,299 - SignupLogin - INFO - nimayi logged in
2023-01-24 17:03:02,975 - SignupLogin - INFO - nimayi logged in
2023-01-24 17:52:49,552 - SignupLogin - INFO - nimayi logged in
2023-01-24 17:53:52,369 - SignupLogin - INFO - nimayi logged in
2023-01-24 18:02:49,225 - SignupLogin - INFO - nimayi logged in
2023-01-25 09:52:23,609 - SignupLogin - INFO - nimayi logged in
2023-01-25 09:55:16,335 - __main__ - INFO - nimayi logged in
2023-01-25 09:56:13,337 - __main__ - INFO - nimayi logged in
2023-01-25 09:56:59,318 - __main__ - INFO - nimayi logged in
2023-01-25 09:57:37,945 - __main__ - INFO - nimayi logged in
2023-01-25 09:57:53,994 - __main__ - INFO - nimayi logged in
2023-01-25 09:59:46,744 - __main__ - INFO - nimayi logged in
2023-01-25 10:01:15,977 - __main__ - INFO - nimayi logged in
2023-01-25 10:02:16,229 - __main__ - INFO - nimayi logged in
2023-01-25 10:03:25,670 - __main__ - INFO - nimayi logged in
2023-01-25 10:49:28,649 - SignupLogin - INFO - nimayi logged in
2023-01-25 10:49:50,654 - SignupLogin - INFO - nimayi logged in
2023-01-25 10:50:54,329 - SignupLogin - INFO - sinayi signed up
2023-01-25 10:50:58,947 - SignupLogin - INFO - sinayi logged in
2023-01-25 10:51:09,472 - SignupLogin - INFO - nimayi logged in
2023-01-25 10:56:17,112 - SignupLogin - INFO - nimayi logged in
2023-01-25 11:00:24,566 - SignupLogin - INFO - nimayi logged in
2023-01-25 11:00:35,534 - SignupLogin - INFO - nimayi logged in
2023-01-25 11:00:52,058 - SignupLogin - INFO - sinayi logged in
2023-01-25 11:04:41,947 - SignupLogin - INFO - nimayi logged in
2023-01-25 11:05:10,292 - SignupLogin - INFO - sinayi logged in
2023-01-25 11:05:40,901 - SignupLogin - INFO - nimayi logged in
2023-01-25 11:05:51,267 - SignupLogin - INFO - nimayi logged in
2023-01-25 11:13:43,489 - SignupLogin - INFO - nimayi logged in
2023-01-25 11:14:01,266 - SignupLogin - INFO - nimayi logged in
2023-01-25 11:16:27,954 - SignupLogin - INFO - nimayi logged in
2023-01-25 11:16:37,111 - SignupLogin - INFO - nimayi logged in
2023-01-25 11:17:37,279 - SignupLogin - INFO - nimayi logged in
2023-01-25 11:17:46,129 - SignupLogin - INFO - nimayi logged in
2023-01-25 11:19:25,366 - SignupLogin - INFO - nimayi logged in
2023-01-25 11:23:12,939 - SignupLogin - INFO - nimayi logged in
2023-01-25 11:23:33,401 - SignupLogin - INFO - nimayi logged in
2023-01-25 12:31:31,317 - SignupLogin - INFO - nimayi logged in
2023-01-25 12:48:01,948 - SignupLogin - INFO - nimayi logged in
2023-01-25 12:49:02,396 - SignupLogin - INFO - nimayi logged in
2023-01-25 12:50:09,932 - SignupLogin - INFO - nimayi logged in
2023-01-25 12:51:11,453 - SignupLogin - INFO - nimayi logged in
2023-01-25 13:08:26,220 - SignupLogin - INFO - nimayi logged in
2023-01-25 13:10:12,088 - SignupLogin - INFO - nimayi logged in
2023-01-25 13:10:59,662 - SignupLogin - INFO - nimayi logged in
2023-01-25 13:12:09,468 - SignupLogin - INFO - nimayi logged in
2023-01-25 13:18:24,409 - SignupLogin - INFO - nimayi logged in
2023-01-25 13:23:44,688 - SignupLogin - INFO - nimayi logged in
2023-01-25 13:25:17,009 - SignupLogin - INFO - nimayi logged in
2023-01-25 15:03:06,357 - SignupLogin - INFO - nimayi logged in
2023-01-25 15:03:11,891 - SignupLogin - INFO - nimayi logged in
2023-01-25 15:05:02,430 - SignupLogin - INFO - nimayi logged in
2023-01-25 15:05:07,106 - SignupLogin - INFO - nimayi logged in
2023-01-25 15:45:34,041 - SignupLogin - INFO - nimayi logged in
2023-01-25 15:47:19,067 - SignupLogin - INFO - nimayi logged in
2023-01-25 15:48:41,164 - SignupLogin - INFO - nimayi logged in
2023-01-25 15:49:27,839 - SignupLogin - INFO - nimayi logged in
2023-01-25 15:50:01,624 - SignupLogin - INFO - nimayi logged in
2023-01-25 15:51:06,583 - SignupLogin - INFO - nimayi logged in
2023-01-25 15:51:43,858 - SignupLogin - INFO - nimayi logged in
2023-01-25 15:52:58,081 - SignupLogin - INFO - nimayi logged in
2023-01-25 15:54:13,755 - SignupLogin - INFO - nimayi logged in
2023-01-25 15:54:44,858 - SignupLogin - INFO - nimayi logged in
2023-01-25 15:55:02,877 - SignupLogin - INFO - nimayi logged in
2023-01-25 15:59:20,687 - SignupLogin - INFO - nimayi logged in
2023-01-25 16:06:47,086 - SignupLogin - INFO - nimayi logged in
2023-01-25 16:07:26,494 - SignupLogin - INFO - nimayi logged in
2023-01-25 16:08:20,160 - SignupLogin - INFO - nimayi logged in
2023-01-25 16:10:53,719 - SignupLogin - INFO - nimayi logged in
2023-01-25 16:11:55,358 - SignupLogin - INFO - nimayi logged in
2023-01-25 16:15:50,642 - SignupLogin - INFO - nimayi logged in
2023-01-25 16:16:30,028 - SignupLogin - INFO - nimayi logged in
2023-01-25 16:17:23,651 - SignupLogin - INFO - nimayi logged in
2023-01-25 16:18:43,581 - SignupLogin - INFO - nimayi logged in
2023-01-25 16:23:19,204 - SignupLogin - INFO - nimayi logged in
2023-01-25 17:30:59,061-userLogger-INFO-nimayi logged in
2023-01-27 06:43:30,291-userLogger-INFO-nimayi logged in
2023-01-27 06:44:35,197-userLogger-INFO-nimayi logged in
2023-01-27 06:44:37,597-userLogger-INFO-player logged out
2023-01-27 06:44:52,025-userLogger-INFO-nimayi logged in
2023-01-27 15:59:54,684-userLogger-INFO-masoum signed up
2023-01-27 16:00:02,142-userLogger-INFO-masoum logged in
2023-01-29 16:36:57,662-userLogger-INFO-nimayi logged in
2023-01-29 16:41:18,115-userLogger-INFO-nimayi logged in
2023-01-29 16:42:06,541-userLogger-INFO-nimayi logged in
2023-01-29 16:46:17,796-userLogger-INFO-nimayi logged in
2023-01-29 16:47:58,614-userLogger-INFO-nimayi logged in
2023-01-29 16:48:23,804-userLogger-INFO-nimayi logged in
2023-01-29 16:49:18,643-userLogger-INFO-nimayi logged in
2023-01-29 16:50:16,171-userLogger-INFO-nimayi logged in
2023-01-29 16:51:18,579-userLogger-INFO-nimayi logged in
2023-01-29 17:00:22,341-userLogger-INFO-nimayi logged in
2023-01-29 17:04:16,348-userLogger-INFO-samimmm signed up
2023-01-29 17:04:25,430-userLogger-INFO-samimmm logged in
2023-01-29 17:04:58,927-userLogger-INFO-player : samimmm logged out
2023-01-29 17:36:22,928-userLogger-INFO-nimayi logged in
